24
tvel written
SolarSim started at 2022-02-17T23:39:08
SolarSim read in completed at 2022-02-17T23:39:09
tvel written
SolarSim started at 2022-02-17T23:39:10
SolarSim read in completed at 2022-02-17T23:39:11
tvel written
SolarSim started at 2022-02-17T23:39:11
SolarSim read in completed at 2022-02-17T23:39:12
tvel written
SolarSim started at 2022-02-17T23:39:12
SolarSim read in completed at 2022-02-17T23:39:13
tvel written
SolarSim started at 2022-02-17T23:39:13
SolarSim read in completed at 2022-02-17T23:39:14
tvel written
SolarSim started at 2022-02-17T23:39:14
SolarSim read in completed at 2022-02-17T23:39:15
tvel written
SolarSim started at 2022-02-17T23:39:15
SolarSim read in completed at 2022-02-17T23:39:16
tvel written
SolarSim started at 2022-02-17T23:39:16
SolarSim read in completed at 2022-02-17T23:39:17
tvel written
SolarSim started at 2022-02-17T23:39:17
SolarSim read in completed at 2022-02-17T23:39:19
tvel written
SolarSim started at 2022-02-17T23:39:19
SolarSim read in completed at 2022-02-17T23:39:20
tvel written
SolarSim started at 2022-02-17T23:39:20
SolarSim read in completed at 2022-02-17T23:39:21
tvel written
SolarSim started at 2022-02-17T23:39:21
SolarSim read in completed at 2022-02-17T23:39:22
tvel written
SolarSim started at 2022-02-17T23:39:22
SolarSim read in completed at 2022-02-17T23:39:24
tvel written
SolarSim started at 2022-02-17T23:39:24
SolarSim read in completed at 2022-02-17T23:39:25
tvel written
SolarSim started at 2022-02-17T23:39:25
SolarSim read in completed at 2022-02-17T23:39:26
tvel written
SolarSim started at 2022-02-17T23:39:26
SolarSim read in completed at 2022-02-17T23:39:27
tvel written
SolarSim started at 2022-02-17T23:39:27
SolarSim read in completed at 2022-02-17T23:39:29
tvel written
SolarSim started at 2022-02-17T23:39:29
SolarSim read in completed at 2022-02-17T23:39:30
tvel written
SolarSim started at 2022-02-17T23:39:30
SolarSim read in completed at 2022-02-17T23:39:31
tvel written
SolarSim started at 2022-02-17T23:39:31
SolarSim read in completed at 2022-02-17T23:39:32
SolarSim finished at 1488 seconds started at 2022-02-17T23:39:25
SolarSim finished at 1498 seconds started at 2022-02-17T23:39:24
SolarSim finished at 1500 seconds started at 2022-02-17T23:39:27
SolarSim finished at 1516 seconds started at 2022-02-17T23:39:13
SolarSim finished at 1511 seconds started at 2022-02-17T23:39:29
SolarSim finished at 1512 seconds started at 2022-02-17T23:39:30
SolarSim finished at 1522 seconds started at 2022-02-17T23:39:26
SolarSim finished at 1527 seconds started at 2022-02-17T23:39:31
SolarSim finished at 1570 seconds started at 2022-02-17T23:39:14
SolarSim finished at 1813 seconds started at 2022-02-17T23:39:19
SolarSim finished at 1856 seconds started at 2022-02-17T23:39:17
SolarSim finished at 1860 seconds started at 2022-02-17T23:39:22
SolarSim finished at 1884 seconds started at 2022-02-17T23:39:20
SolarSim finished at 1897 seconds started at 2022-02-17T23:39:21
SolarSim finished at 1905 seconds started at 2022-02-17T23:39:16
SolarSim finished at 1908 seconds started at 2022-02-17T23:39:15
SolarSim finished at 1943 seconds started at 2022-02-17T23:39:11
SolarSim finished at 1945 seconds started at 2022-02-17T23:39:12
SolarSim finished at 1955 seconds started at 2022-02-17T23:39:08
SolarSim finished at 1953 seconds started at 2022-02-17T23:39:10
SS complete.
All calculations completed in 1956 seconds, time now is 2022-02-18T00:11:44.
